<?xml version="1.0" encoding="UTF-8"?>
<!-- Generated by org.testng.reporters.JUnitXMLReporter -->
<testsuite hostname="Sachins-MBP" ignored="0" name="Default test" tests="6" failures="0" timestamp="29 Oct 2021 05:28:54 GMT" time="102.162" errors="0">
  <testcase name="printAllInfoLinks" time="2.44" classname="com.Testcase.HomePageTest"/>
  <testcase name="verifyTitleOfHomePage" time="2.065" classname="com.Testcase.HomePageTest"/>
  <testcase name="verifyUserRedirectToHostMeetingPage" time="5.858" classname="com.Testcase.HomePageTest"/>
  <testcase name="verifyUserRedirectToJoinMeetingPage" time="7.0" classname="com.Testcase.HomePageTest"/>
  <testcase name="verifyUserRedirectToSignInPage" time="4.441" classname="com.Testcase.HomePageTest"/>
  <testcase name="verifyUserRedirectToSignUpPage" time="4.175" classname="com.Testcase.HomePageTest"/>
</testsuite> <!-- Default test -->
