<?xml version="1.0" encoding="UTF-8"?>
<!-- Generated by org.testng.reporters.JUnitXMLReporter -->
<testsuite hostname="Sachins-MacBook-Pro.local" ignored="9" name="Default test" tests="1" failures="0" timestamp="31 Oct 2021 17:09:48 GMT" time="21.95" errors="0">
  <testcase name="VerifyClickOnWindowsIcon" time="0.549" classname="com.Testcase.HomePageTest"/>
  <testcase name="VerifyClickOnAppleIcon" time="0.0" classname="com.Testcase.HomePageTest">
    <ignored/>
  </testcase> <!-- VerifyClickOnAppleIcon -->
  <testcase name="verifyUserRedirectToJoinMeetingPage" time="0.0" classname="com.Testcase.HomePageTest">
    <ignored/>
  </testcase> <!-- verifyUserRedirectToJoinMeetingPage -->
  <testcase name="verifyUserRedirectToSignUpPage" time="0.0" classname="com.Testcase.HomePageTest">
    <ignored/>
  </testcase> <!-- verifyUserRedirectToSignUpPage -->
  <testcase name="verifyUserRedirectToSignInPage" time="0.0" classname="com.Testcase.HomePageTest">
    <ignored/>
  </testcase> <!-- verifyUserRedirectToSignInPage -->
  <testcase name="verifyUserRedirectToHostMeetingPage" time="0.0" classname="com.Testcase.HomePageTest">
    <ignored/>
  </testcase> <!-- verifyUserRedirectToHostMeetingPage -->
  <testcase name="verifyClickOnAndroidIconImage" time="0.0" classname="com.Testcase.HomePageTest">
    <ignored/>
  </testcase> <!-- verifyClickOnAndroidIconImage -->
  <testcase name="verifyUserRedirectToContactSales" time="0.0" classname="com.Testcase.HomePageTest">
    <ignored/>
  </testcase> <!-- verifyUserRedirectToContactSales -->
  <testcase name="verifyTitleOfHomePage" time="0.0" classname="com.Testcase.HomePageTest">
    <ignored/>
  </testcase> <!-- verifyTitleOfHomePage -->
  <testcase name="printAllInfoLinks" time="0.0" classname="com.Testcase.HomePageTest">
    <ignored/>
  </testcase> <!-- printAllInfoLinks -->
</testsuite> <!-- Default test -->
