<?xml version="1.0" encoding="UTF-8"?>
<!-- Generated by org.testng.reporters.JUnitXMLReporter -->
<testsuite hostname="Sachins-MBP" ignored="0" name="Firefox" tests="3" failures="0" timestamp="26 Oct 2021 11:36:33 GMT" time="63.362" errors="0">
  <testcase name="printAllInfoLinks" time="3.132" classname="com.Testcase.HomePageTest"/>
  <testcase name="verifyTitleOfHomePage" time="9.998" classname="com.Testcase.HomePageTest"/>
  <testcase name="verifyUserRedirectToJoinMeetingPage" time="15.013" classname="com.Testcase.HomePageTest"/>
</testsuite> <!-- Firefox -->
