<?xml version="1.0" encoding="UTF-8"?>
<testsuite xmlns:xsi="http://www.w3.org/2001/XMLSchema-instance" xsi:noNamespaceSchemaLocation="https://maven.apache.org/surefire/maven-surefire-plugin/xsd/surefire-test-report-3.0.xsd" version="3.0" name="TestSuite" time="50.607" tests="13" errors="0" skipped="8" failures="1">
  <properties>
[...]
</properties>
  <testcase name="setUp[Safari](0)" classname="com.Testcase.HomePageTest" time="3.568">
    <failure message="Could not start a new session. Response code 500. Message: Could not create a session: You must enable the &apos;Allow Remote Automation&apos; option in Safari&apos;s Develop menu to control Safari via WebDriver.&#10;Build info: version: &apos;4.0.0-beta-4&apos;, revision: &apos;29f46d02dd&apos;&#10;System info: host: &apos;Sachins-MBP&apos;, ip: &apos;fd01:0:0:0:831:fd00:e8c2:f19a%en0&apos;, os.name: &apos;Mac OS X&apos;, os.arch: &apos;x86_64&apos;, os.version: &apos;10.16&apos;, java.version: &apos;1.8.0_281&apos;&#10;Driver info: org.openqa.selenium.safari.SafariDriver&#10;Command: [null, newSession {capabilities=[Capabilities {browserName: safari}], desiredCapabilities=Capabilities {browserName: safari}}]&#10;Capabilities {}" type="org.openqa.selenium.SessionNotCreatedException"><![CDATA[org.openqa.selenium.SessionNotCreatedException: 
Could not start a new session. Response code 500. Message: Could not create a session: You must enable the 'Allow Remote Automation' option in Safari's Develop menu to control Safari via WebDriver.
Build info: version: '4.0.0-beta-4', revision: '29f46d02dd'
System info: host: 'Sachins-MBP', ip: 'fd01:0:0:0:831:fd00:e8c2:f19a%en0', os.name: 'Mac OS X', os.arch: 'x86_64', os.version: '10.16', java.version: '1.8.0_281'
Driver info: org.openqa.selenium.safari.SafariDriver
Command: [null, newSession {capabilities=[Capabilities {browserName: safari}], desiredCapabilities=Capabilities {browserName: safari}}]
Capabilities {}
]]></failure>
    <system-out><![CDATA[[TestNGContentHandler] [WARN] It is strongly recommended to add "<!DOCTYPE suite SYSTEM "http://testng.org/testng-1.0.dtd" >" at the top of your file, otherwise TestNG may fail or not work as expected.
]]></system-out>
    <system-err><![CDATA[SLF4J: Failed to load class "org.slf4j.impl.StaticLoggerBinder".
SLF4J: Defaulting to no-operation (NOP) logger implementation
SLF4J: See http://www.slf4j.org/codes.html#StaticLoggerBinder for further details.
1635248295836	geckodriver	INFO	Listening on 127.0.0.1:20394
Starting ChromeDriver 95.0.4638.17 (a9d0719444d4b035e284ed1fce73bf6ccd789df2-refs/branch-heads/4638@{#178}) on port 26046
Only local connections are allowed.
Please see https://chromedriver.chromium.org/security-considerations for suggestions on keeping ChromeDriver safe.
ChromeDriver was started successfully.
1635248296318	mozrunner::runner	INFO	Running command: "/Applications/Firefox.app/Contents/MacOS/firefox-bin" "--marionette" "--remote-debugging-port" "9222" "-foreground" "-no-remote" "-profile" "/var/folders/91/tqnky_bj1dd0ccz73w3wkbhc0000gn/T/rust_mozprofilegpSUgj"
1635248297117	Marionette	INFO	Marionette enabled
]]></system-err>
  </testcase>
  <testcase name="printAllInfoLinks" classname="com.Testcase.HomePageTest" time="0">
    <skipped message="Could not start a new session. Response code 500. Message: Could not create a session: You must enable the &apos;Allow Remote Automation&apos; option in Safari&apos;s Develop menu to control Safari via WebDriver.&#10;Build info: version: &apos;4.0.0-beta-4&apos;, revision: &apos;29f46d02dd&apos;&#10;System info: host: &apos;Sachins-MBP&apos;, ip: &apos;fd01:0:0:0:831:fd00:e8c2:f19a%en0&apos;, os.name: &apos;Mac OS X&apos;, os.arch: &apos;x86_64&apos;, os.version: &apos;10.16&apos;, java.version: &apos;1.8.0_281&apos;&#10;Driver info: org.openqa.selenium.safari.SafariDriver&#10;Command: [null, newSession {capabilities=[Capabilities {browserName: safari}], desiredCapabilities=Capabilities {browserName: safari}}]&#10;Capabilities {}"/>
  </testcase>
  <testcase name="printAllInfoLinks" classname="com.Testcase.HomePageTest" time="2.489">
    <system-out><![CDATA[Support
Contact Us
Support
Contact Us
About Us
Terms & Conditions
Privacy Policy
About Us
Terms & Conditions
Privacy Policy
Twitter
Facebook
Google +
Instagram
Twitter
Facebook
Google +
Instagram
]]></system-out>
    <system-err><![CDATA[2021-10-26 17:08:18.193 firefox-bin[7706:233573] Warning: Expected min height of view: (<NSButton: 0x130d3d000>) to be less than or equal to 30 but got a height of 32.000000. This error will be logged once per view in violation.
2021-10-26 17:08:18.193 firefox-bin[7706:233573] Warning: Expected min height of view: (<NSButton: 0x13ec9dc00>) to be less than or equal to 30 but got a height of 32.000000. This error will be logged once per view in violation.
2021-10-26 17:08:18.193 firefox-bin[7706:233573] Warning: Expected min height of view: (<NSButton: 0x13ec9e000>) to be less than or equal to 30 but got a height of 32.000000. This error will be logged once per view in violation.
2021-10-26 17:08:18.194 firefox-bin[7706:233573] Warning: Expected min height of view: (<NSButton: 0x13ec9e800>) to be less than or equal to 30 but got a height of 32.000000. This error will be logged once per view in violation.
2021-10-26 17:08:18.194 firefox-bin[7706:233573] Warning: Expected min height of view: (<NSButton: 0x13eca3c00>) to be less than or equal to 30 but got a height of 32.000000. This error will be logged once per view in violation.
2021-10-26 17:08:18.195 firefox-bin[7706:233573] Warning: Expected min height of view: (<NSPopoverTouchBarItemButton: 0x13eca3800>) to be less than or equal to 30 but got a height of 32.000000. This error will be logged once per view in violation.
2021-10-26 17:08:18.195 firefox-bin[7706:233573] Warning: Expected min height of view: (<NSPopoverTouchBarItemButton: 0x13f003c00>) to be less than or equal to 30 but got a height of 32.000000. This error will be logged once per view in violation.
console.warn: SearchSettings: "get: No settings file exists, new profile?" (new NotFoundError("Could not open the file at /var/folders/91/tqnky_bj1dd0ccz73w3wkbhc0000gn/T/rust_mozprofilegpSUgj/search.json.mozlz4", (void 0)))
console.error: BackgroundUpdate: 
  _reasonsToNotScheduleUpdates: Failed to check for Maintenance Service Registry Key: [Exception... "Component returned failure code: 0x80004001 (NS_ERROR_NOT_IMPLEMENTED) [nsIUpdateProcessor.getServiceRegKeyExists]"  nsresult: "0x80004001 (NS_ERROR_NOT_IMPLEMENTED)"  location: "JS frame :: resource://gre/modules/BackgroundUpdate.jsm :: _reasonsToNotScheduleUpdates :: line 243"  data: no]

!!! could not start server on port 9222: [Exception... "Component returned failure code: 0x804b0036 (NS_ERROR_SOCKET_ADDRESS_IN_USE) [nsIServerSocket.init]"  nsresult: "0x804b0036 (NS_ERROR_SOCKET_ADDRESS_IN_USE)"  location: "JS frame :: chrome://remote/content/server/HTTPD.jsm :: _start :: line 574"  data: no]

1635248299929	RemoteAgent	ERROR	unable to stop listener: [Exception... "Unexpected error"  nsresult: "0x8000ffff (NS_ERROR_UNEXPECTED)"  location: "JS frame :: chrome://remote/content/server/HTTPD.jsm :: stop :: line 628"  data: no] Stack trace: stop()@HTTPD.jsm:628
close()@RemoteAgent.jsm:166
listen()@RemoteAgent.jsm:150
observe()@RemoteAgent.jsm:261
_scheduleStartupIdleTasks/task/<()@resource:///modules/BrowserGlue.jsm:2601
1635248299930	RemoteAgent	ERROR	Unable to start remote agent: : [Exception... "Component is not available"  nsresult: "0x80040111 (NS_ERROR_NOT_AVAILABLE)"  location: "JS frame :: chrome://remote/content/server/HTTPD.jsm :: _start :: line 619"  data: no] Stack trace: _start()@HTTPD.jsm:619
listen()@RemoteAgent.jsm:143
observe()@RemoteAgent.jsm:261
_scheduleStartupIdleTasks/task/<()@resource:///modules/BrowserGlue.jsm:2601
1635248299966	Marionette	INFO	Listening on port 59345
1635248300093	RemoteAgent	WARN	TLS certificate errors will be ignored for this session
Oct 26, 2021 5:08:20 PM org.openqa.selenium.remote.ProtocolHandshake createSession
INFO: Detected dialect: W3C
Oct 26, 2021 5:08:20 PM org.openqa.selenium.remote.ProtocolHandshake createSession
INFO: Detected dialect: W3C
Oct 26, 2021 5:08:20 PM org.openqa.selenium.devtools.CdpVersionFinder findNearestMatch
WARNING: Unable to find an exact match for CDP version 95, so returning the closest version found: 91
Oct 26, 2021 5:08:20 PM org.openqa.selenium.devtools.CdpVersionFinder findNearestMatch
INFO: Found CDP implementation for version 95 of 91
]]></system-err>
  </testcase>
  <testcase name="printAllInfoLinks" classname="com.Testcase.HomePageTest" time="2.489"/>
  <testcase name="tearDown" classname="com.Testcase.HomePageTest" time="0">
    <skipped/>
  </testcase>
  <testcase name="tearDown" classname="com.Testcase.HomePageTest" time="0">
    <skipped/>
  </testcase>
  <testcase name="tearDown" classname="com.Testcase.HomePageTest" time="0">
    <skipped/>
  </testcase>
  <testcase name="setUp" classname="com.Testcase.HomePageTest" time="0">
    <skipped/>
  </testcase>
  <testcase name="setUp" classname="com.Testcase.HomePageTest" time="0">
    <skipped/>
  </testcase>
  <testcase name="verifyTitleOfHomePage" classname="com.Testcase.HomePageTest" time="0">
    <skipped message="Could not start a new session. Response code 500. Message: Could not create a session: You must enable the &apos;Allow Remote Automation&apos; option in Safari&apos;s Develop menu to control Safari via WebDriver.&#10;Build info: version: &apos;4.0.0-beta-4&apos;, revision: &apos;29f46d02dd&apos;&#10;System info: host: &apos;Sachins-MBP&apos;, ip: &apos;fd01:0:0:0:831:fd00:e8c2:f19a%en0&apos;, os.name: &apos;Mac OS X&apos;, os.arch: &apos;x86_64&apos;, os.version: &apos;10.16&apos;, java.version: &apos;1.8.0_281&apos;&#10;Driver info: org.openqa.selenium.safari.SafariDriver&#10;Command: [null, newSession {capabilities=[Capabilities {browserName: safari}], desiredCapabilities=Capabilities {browserName: safari}}]&#10;Capabilities {}"/>
  </testcase>
  <testcase name="verifyTitleOfHomePage" classname="com.Testcase.HomePageTest" time="0.007">
    <system-err><![CDATA[1635248311707	geckodriver	INFO	Listening on 127.0.0.1:3776
Starting ChromeDriver 95.0.4638.17 (a9d0719444d4b035e284ed1fce73bf6ccd789df2-refs/branch-heads/4638@{#178}) on port 27563
Only local connections are allowed.
Please see https://chromedriver.chromium.org/security-considerations for suggestions on keeping ChromeDriver safe.
ChromeDriver was started successfully.
1635248311757	mozrunner::runner	INFO	Running command: "/Applications/Firefox.app/Contents/MacOS/firefox-bin" "--marionette" "--remote-debugging-port" "9222" "-foreground" "-no-remote" "-profile" "/var/folders/91/tqnky_bj1dd0ccz73w3wkbhc0000gn/T/rust_mozprofilez4O69B"
1635248312278	Marionette	INFO	Marionette enabled
2021-10-26 17:08:33.258 firefox-bin[7737:234564] Warning: Expected min height of view: (<NSButton: 0x13e271000>) to be less than or equal to 30 but got a height of 32.000000. This error will be logged once per view in violation.
2021-10-26 17:08:33.259 firefox-bin[7737:234564] Warning: Expected min height of view: (<NSButton: 0x13e5d2800>) to be less than or equal to 30 but got a height of 32.000000. This error will be logged once per view in violation.
2021-10-26 17:08:33.259 firefox-bin[7737:234564] Warning: Expected min height of view: (<NSButton: 0x13e5d8000>) to be less than or equal to 30 but got a height of 32.000000. This error will be logged once per view in violation.
2021-10-26 17:08:33.260 firefox-bin[7737:234564] Warning: Expected min height of view: (<NSButton: 0x13e5d9400>) to be less than or equal to 30 but got a height of 32.000000. This error will be logged once per view in violation.
2021-10-26 17:08:33.260 firefox-bin[7737:234564] Warning: Expected min height of view: (<NSButton: 0x13e5d4400>) to be less than or equal to 30 but got a height of 32.000000. This error will be logged once per view in violation.
2021-10-26 17:08:33.261 firefox-bin[7737:234564] Warning: Expected min height of view: (<NSPopoverTouchBarItemButton: 0x13e5d7c00>) to be less than or equal to 30 but got a height of 32.000000. This error will be logged once per view in violation.
2021-10-26 17:08:33.261 firefox-bin[7737:234564] Warning: Expected min height of view: (<NSPopoverTouchBarItemButton: 0x13e664400>) to be less than or equal to 30 but got a height of 32.000000. This error will be logged once per view in violation.
console.warn: SearchSettings: "get: No settings file exists, new profile?" (new NotFoundError("Could not open the file at /var/folders/91/tqnky_bj1dd0ccz73w3wkbhc0000gn/T/rust_mozprofilez4O69B/search.json.mozlz4", (void 0)))
Oct 26, 2021 5:08:35 PM org.openqa.selenium.remote.ProtocolHandshake createSession
INFO: Detected dialect: W3C
console.error: BackgroundUpdate: 
  _reasonsToNotScheduleUpdates: Failed to check for Maintenance Service Registry Key: [Exception... "Component returned failure code: 0x80004001 (NS_ERROR_NOT_IMPLEMENTED) [nsIUpdateProcessor.getServiceRegKeyExists]"  nsresult: "0x80004001 (NS_ERROR_NOT_IMPLEMENTED)"  location: "JS frame :: resource://gre/modules/BackgroundUpdate.jsm :: _reasonsToNotScheduleUpdates :: line 243"  data: no]

!!! could not start server on port 9222: [Exception... "Component returned failure code: 0x804b0036 (NS_ERROR_SOCKET_ADDRESS_IN_USE) [nsIServerSocket.init]"  nsresult: "0x804b0036 (NS_ERROR_SOCKET_ADDRESS_IN_USE)"  location: "JS frame :: chrome://remote/content/server/HTTPD.jsm :: _start :: line 574"  data: no]

1635248315855	RemoteAgent	ERROR	unable to stop listener: [Exception... "Unexpected error"  nsresult: "0x8000ffff (NS_ERROR_UNEXPECTED)"  location: "JS frame :: chrome://remote/content/server/HTTPD.jsm :: stop :: line 628"  data: no] Stack trace: stop()@HTTPD.jsm:628
close()@RemoteAgent.jsm:166
listen()@RemoteAgent.jsm:150
observe()@RemoteAgent.jsm:261
_scheduleStartupIdleTasks/task/<()@resource:///modules/BrowserGlue.jsm:2601
1635248315855	RemoteAgent	ERROR	Unable to start remote agent: : [Exception... "Component is not available"  nsresult: "0x80040111 (NS_ERROR_NOT_AVAILABLE)"  location: "JS frame :: chrome://remote/content/server/HTTPD.jsm :: _start :: line 619"  data: no] Stack trace: _start()@HTTPD.jsm:619
listen()@RemoteAgent.jsm:143
observe(Oct 26, 2021 5:08:35 PM org.openqa.selenium.devtools.CdpVersionFinder findNearestMatch
WARNING: Unable to find an exact match for CDP version 95, so returning the closest version found: 91
)@RemoteAgent.jsm:261
_scheduleStartupIdleTasks/task/<()@resource:///modules/BrowserGlue.jsm:2601
1635248315877	Marionette	INFO	Listening on port 54212
Oct 26, 2021 5:08:35 PM org.openqa.selenium.devtools.CdpVersionFinder findNearestMatch
INFO: Found CDP implementation for version 95 of 91
1635248315932	RemoteAgent	WARN	TLS certificate errors will be ignored for this session
Oct 26, 2021 5:08:35 PM org.openqa.selenium.remote.ProtocolHandshake createSession
INFO: Detected dialect: W3C
]]></system-err>
  </testcase>
  <testcase name="verifyTitleOfHomePage" classname="com.Testcase.HomePageTest" time="5.034">
    <system-err><![CDATA[1635248322813	Marionette	INFO	Stopped listening on port 54212
1635248322881	RemoteAgent	ERROR	unable to stop listener: [Exception... "Unexpected error"  nsresult: "0x8000ffff (NS_ERROR_UNEXPECTED)"  location: "JS frame :: chrome://remote/content/server/HTTPD.jsm :: stop :: line 628"  data: no] Stack trace: stop()@HTTPD.jsm:628
close()@RemoteAgent.jsm:166
observe()@RemoteAgent.jsm:271
GeckoDriver.prototype.quit()@driver.js:2662
despatch()@server.js:306
execute()@server.js:279
onPacket/<()@server.js:252
onPacket()@server.js:253
_onJSONObjectReady/<()@transport.js:500
JavaScript error: resource:///modules/Interactions.jsm, line 230: NS_ERROR_FAILURE: Component returned failure code: 0x80004005 (NS_ERROR_FAILURE) [nsIUserIdleService.removeIdleObserver]

###!!! [Parent][RunMessage] Error: Channel closing: too late to send/recv, messages will be lost

1635248323376	geckodriver	INFO	Listening on 127.0.0.1:28906
1635248323462	mozrunner::runner	INFO	Running command: "/Applications/Firefox.app/Contents/MacOS/firefox-bin" "--marionette" "--remote-debugging-port" "9222" "-foreground" "-no-remote" "-profile" "/var/folders/91/tqnky_bj1dd0ccz73w3wkbhc0000gn/T/rust_mozprofile9CHeMu"
1635248323929	Marionette	INFO	Marionette enabled
2021-10-26 17:08:44.802 firefox-bin[7765:235402] Warning: Expected min height of view: (<NSButton: 0x12e9f2c00>) to be less than or equal to 30 but got a height of 32.000000. This error will be logged once per view in violation.
2021-10-26 17:08:44.803 firefox-bin[7765:235402] Warning: Expected min height of view: (<NSButton: 0x13c8c9800>) to be less than or equal to 30 but got a height of 32.000000. This error will be logged once per view in violation.
2021-10-26 17:08:44.803 firefox-bin[7765:235402] Warning: Expected min height of view: (<NSButton: 0x13c8cb000>) to be less than or equal to 30 but got a height of 32.000000. This error will be logged once per view in violation.
2021-10-26 17:08:44.803 firefox-bin[7765:235402] Warning: Expected min height of view: (<NSButton: 0x13c8c5800>) to be less than or equal to 30 but got a height of 32.000000. This error will be logged once per view in violation.
2021-10-26 17:08:44.804 firefox-bin[7765:235402] Warning: Expected min height of view: (<NSButton: 0x13c8c8c00>) to be less than or equal to 30 but got a height of 32.000000. This error will be logged once per view in violation.
2021-10-26 17:08:44.804 firefox-bin[7765:235402] Warning: Expected min height of view: (<NSPopoverTouchBarItemButton: 0x13c8c6000>) to be less than or equal to 30 but got a height of 32.000000. This error will be logged once per view in violation.
2021-10-26 17:08:44.804 firefox-bin[7765:235402] Warning: Expected min height of view: (<NSPopoverTouchBarItemButton: 0x13cc72c00>) to be less than or equal to 30 but got a height of 32.000000. This error will be logged once per view in violation.
console.warn: SearchSettings: "get: No settings file exists, new profile?" (new NotFoundError("Could not open the file at /var/folders/91/tqnky_bj1dd0ccz73w3wkbhc0000gn/T/rust_mozprofile9CHeMu/search.json.mozlz4", (void 0)))
console.error: BackgroundUpdate: 
  _reasonsToNotScheduleUpdates: Failed to check for Maintenance Service Registry Key: [Exception... "Component returned failure code: 0x80004001 (NS_ERROR_NOT_IMPLEMENTED) [nsIUpdateProcessor.getServiceRegKeyExists]"  nsresult: "0x80004001 (NS_ERROR_NOT_IMPLEMENTED)"  location: "JS frame :: resource://gre/modules/BackgroundUpdate.jsm :: _reasonsToNotScheduleUpdates :: line 243"  data: no]

!!! could not start server on port 9222: [Exception... "Component returned failure code: 0x804b0036 (NS_ERROR_SOCKET_ADDRESS_IN_USE) [nsIServerSocket.init]"  nsresult: "0x804b0036 (NS_ERROR_SOCKET_ADDRESS_IN_USE)"  location: "JS frame :: chrome://remote/content/server/HTTPD.jsm :: _start :: line 574"  data: no]

1635248325782	RemoteAgent	ERROR	unable to stop listener: [Exception... "Unexpected error"  nsresult: "0x8000ffff (NS_ERROR_UNEXPECTED)"  location: "JS frame :: chrome://remote/content/server/HTTPD.jsm :: stop :: line 628"  data: no] Stack trace: stop()@HTTPD.jsm:628
close()@RemoteAgent.jsm:166
listen()@RemoteAgent.jsm:150
observe()@RemoteAgent.jsm:261
_scheduleStartupIdleTasks/task/<()@resource:///modules/BrowserGlue.jsm:2601
1635248325782	RemoteAgent	ERROR	Unable to start remote agent: : [Exception... "Component is not available"  nsresult: "0x80040111 (NS_ERROR_NOT_AVAILABLE)"  location: "JS frame :: chrome://remote/content/server/HTTPD.jsm :: _start :: line 619"  data: no] Stack trace: _start()@HTTPD.jsm:619
listen()@RemoteAgent.jsm:143
observe()@RemoteAgent.jsm:261
_scheduleStartupIdleTasks/task/<()@resource:///modules/BrowserGlue.jsm:2601
1635248325804	Marionette	INFO	Listening on port 54482
1635248325858	RemoteAgent	WARN	TLS certificate errors will be ignored for this session
Oct 26, 2021 5:08:45 PM org.openqa.selenium.remote.ProtocolHandshake createSession
INFO: Detected dialect: W3C
]]></system-err>
  </testcase>
  <testcase name="verifyUserRedirectToJoinMeetingPage" classname="com.Testcase.HomePageTest" time="0">
    <skipped message="Could not start a new session. Response code 500. Message: Could not create a session: You must enable the &apos;Allow Remote Automation&apos; option in Safari&apos;s Develop menu to control Safari via WebDriver.&#10;Build info: version: &apos;4.0.0-beta-4&apos;, revision: &apos;29f46d02dd&apos;&#10;System info: host: &apos;Sachins-MBP&apos;, ip: &apos;fd01:0:0:0:831:fd00:e8c2:f19a%en0&apos;, os.name: &apos;Mac OS X&apos;, os.arch: &apos;x86_64&apos;, os.version: &apos;10.16&apos;, java.version: &apos;1.8.0_281&apos;&#10;Driver info: org.openqa.selenium.safari.SafariDriver&#10;Command: [null, newSession {capabilities=[Capabilities {browserName: safari}], desiredCapabilities=Capabilities {browserName: safari}}]&#10;Capabilities {}"/>
  </testcase>
</testsuite>