<?xml version="1.0" encoding="UTF-8"?>
<testng-results skipped="0" failed="0" ignored="9" total="10" passed="1">
  <reporter-output>
  </reporter-output>
  <suite name="Default suite" duration-ms="21950" started-at="2021-10-31T17:09:21Z" finished-at="2021-10-31T17:09:43Z">
    <groups>
    </groups>
    <test name="Default test" duration-ms="21950" started-at="2021-10-31T17:09:21Z" finished-at="2021-10-31T17:09:43Z">
      <class name="com.Testcase.HomePageTest">
        <test-method status="PASS" signature="setUp()[pri:0, instance:com.Testcase.HomePageTest@6aba2b86]" name="setUp" is-config="true" duration-ms="21249" started-at="2021-10-31T17:09:21Z" finished-at="2021-10-31T17:09:42Z">
          <reporter-output>
          </reporter-output>
        </test-method> <!-- setUp -->
        <test-method status="PASS" signature="VerifyClickOnWindowsIcon()[pri:0, instance:com.Testcase.HomePageTest@6aba2b86]" name="VerifyClickOnWindowsIcon" duration-ms="549" started-at="2021-10-31T17:09:42Z" finished-at="2021-10-31T17:09:43Z">
          <reporter-output>
          </reporter-output>
        </test-method> <!-- VerifyClickOnWindowsIcon -->
        <test-method status="PASS" signature="tearDown()[pri:0, instance:com.Testcase.HomePageTest@6aba2b86]" name="tearDown" is-config="true" duration-ms="113" started-at="2021-10-31T17:09:43Z" finished-at="2021-10-31T17:09:43Z">
          <reporter-output>
          </reporter-output>
        </test-method> <!-- tearDown -->
      </class> <!-- com.Testcase.HomePageTest -->
    </test> <!-- Default test -->
  </suite> <!-- Default suite -->
</testng-results>
